<?xml version="1.0" encoding="UTF-8"?>
<testsuite name="com.uyaki.template.UyakiTemplateApplicationTests" tests="1" skipped="0" failures="0" errors="0" timestamp="2020-08-21T07:22:54" hostname="gknoone.local" time="10.26">
  <properties/>
  <testcase name="t1()" classname="com.uyaki.template.UyakiTemplateApplicationTests" time="10.26"/>
  <system-out><![CDATA[15:22:52.838 [Test worker] DEBUG org.springframework.test.context.BootstrapUtils - Instantiating CacheAwareContextLoaderDelegate from class [org.springframework.test.context.cache.DefaultCacheAwareContextLoaderDelegate]
15:22:52.850 [Test worker] DEBUG org.springframework.test.context.BootstrapUtils - Instantiating BootstrapContext using constructor [public org.springframework.test.context.support.DefaultBootstrapContext(java.lang.Class,org.springframework.test.context.CacheAwareContextLoaderDelegate)]
15:22:52.876 [Test worker] DEBUG org.springframework.test.context.BootstrapUtils - Instantiating TestContextBootstrapper for test class [com.uyaki.template.UyakiTemplateApplicationTests] from class [org.springframework.boot.test.context.SpringBootTestContextBootstrapper]
15:22:52.893 [Test worker] INFO org.springframework.boot.test.context.SpringBootTestContextBootstrapper - Neither @ContextConfiguration nor @ContextHierarchy found for test class [com.uyaki.template.UyakiTemplateApplicationTests], using SpringBootContextLoader
15:22:52.895 [Test worker] DEBUG org.springframework.test.context.support.AbstractContextLoader - Did not detect default resource location for test class [com.uyaki.template.UyakiTemplateApplicationTests]: class path resource [com/uyaki/template/UyakiTemplateApplicationTests-context.xml] does not exist
15:22:52.895 [Test worker] DEBUG org.springframework.test.context.support.AbstractContextLoader - Did not detect default resource location for test class [com.uyaki.template.UyakiTemplateApplicationTests]: class path resource [com/uyaki/template/UyakiTemplateApplicationTestsContext.groovy] does not exist
15:22:52.896 [Test worker] INFO org.springframework.test.context.support.AbstractContextLoader - Could not detect default resource locations for test class [com.uyaki.template.UyakiTemplateApplicationTests]: no resource found for suffixes {-context.xml, Context.groovy}.
15:22:52.938 [Test worker] DEBUG org.springframework.test.context.support.ActiveProfilesUtils - Could not find an 'annotation declaring class' for annotation type [org.springframework.test.context.ActiveProfiles] and class [com.uyaki.template.UyakiTemplateApplicationTests]
15:22:53.041 [Test worker] DEBUG org.springframework.boot.test.context.SpringBootTestContextBootstrapper - @TestExecutionListeners is not present for class [com.uyaki.template.UyakiTemplateApplicationTests]: using defaults.
15:22:53.041 [Test worker] INFO org.springframework.boot.test.context.SpringBootTestContextBootstrapper - Loaded default TestExecutionListener class names from location [META-INF/spring.factories]: [org.springframework.test.context.web.ServletTestExecutionListener, org.springframework.test.context.support.DirtiesContextBeforeModesTestExecutionListener, org.springframework.test.context.support.DependencyInjectionTestExecutionListener, org.springframework.test.context.support.DirtiesContextTestExecutionListener, org.springframework.test.context.transaction.TransactionalTestExecutionListener, org.springframework.test.context.jdbc.SqlScriptsTestExecutionListener, org.springframework.test.context.event.EventPublishingTestExecutionListener, org.springframework.boot.test.autoconfigure.restdocs.RestDocsTestExecutionListener, org.springframework.boot.test.autoconfigure.web.client.MockRestServiceServerResetTestExecutionListener, org.springframework.boot.test.autoconfigure.web.servlet.MockMvcPrintOnlyOnFailureTestExecutionListener, org.springframework.boot.test.autoconfigure.web.servlet.WebDriverTestExecutionListener, org.springframework.boot.test.autoconfigure.webservices.client.MockWebServiceServerTestExecutionListener, org.springframework.boot.test.mock.mockito.MockitoTestExecutionListener, org.springframework.boot.test.mock.mockito.ResetMocksTestExecutionListener]
15:22:53.051 [Test worker] DEBUG org.springframework.boot.test.context.SpringBootTestContextBootstrapper - Skipping candidate TestExecutionListener [org.springframework.test.context.transaction.TransactionalTestExecutionListener] due to a missing dependency. Specify custom listener classes or make the default listener classes and their required dependencies available. Offending class: [org/springframework/transaction/TransactionDefinition]
15:22:53.051 [Test worker] DEBUG org.springframework.boot.test.context.SpringBootTestContextBootstrapper - Skipping candidate TestExecutionListener [org.springframework.test.context.jdbc.SqlScriptsTestExecutionListener] due to a missing dependency. Specify custom listener classes or make the default listener classes and their required dependencies available. Offending class: [org/springframework/transaction/interceptor/TransactionAttribute]
15:22:53.052 [Test worker] INFO org.springframework.boot.test.context.SpringBootTestContextBootstrapper - Using TestExecutionListeners: [org.springframework.test.context.web.ServletTestExecutionListener@40c20b5e, org.springframework.test.context.support.DirtiesContextBeforeModesTestExecutionListener@4710c133, org.springframework.boot.test.mock.mockito.MockitoTestExecutionListener@5714dde3, org.springframework.boot.test.autoconfigure.SpringBootDependencyInjectionTestExecutionListener@3e67ab85, org.springframework.test.context.support.DirtiesContextTestExecutionListener@6eafcfec, org.springframework.test.context.event.EventPublishingTestExecutionListener@2f778253, org.springframework.boot.test.autoconfigure.restdocs.RestDocsTestExecutionListener@5e7da99b, org.springframework.boot.test.autoconfigure.web.client.MockRestServiceServerResetTestExecutionListener@5d451a52, org.springframework.boot.test.autoconfigure.web.servlet.MockMvcPrintOnlyOnFailureTestExecutionListener@4d856eb9, org.springframework.boot.test.autoconfigure.web.servlet.WebDriverTestExecutionListener@5ef31840, org.springframework.boot.test.autoconfigure.webservices.client.MockWebServiceServerTestExecutionListener@6d715374, org.springframework.boot.test.mock.mockito.ResetMocksTestExecutionListener@18935302]
15:22:53.055 [Test worker] DEBUG org.springframework.test.context.support.AbstractDirtiesContextTestExecutionListener - Before test class: context [DefaultTestContext@7929ed89 testClass = UyakiTemplateApplicationTests, testInstance = [null], testMethod = [null], testException = [null], mergedContextConfiguration = [WebMergedContextConfiguration@2cdc94b9 testClass = UyakiTemplateApplicationTests, locations = '{}', classes = '{class com.uyaki.template.UyakiTemplateApplicationTests, class com.uyaki.template.UyakiTemplateApplicationTests}', contextInitializerClasses = '[]', activeProfiles = '{}', propertySourceLocations = '{}', propertySourceProperties = '{org.springframework.boot.test.context.SpringBootTestContextBootstrapper=true}', contextCustomizers = set[org.springframework.boot.test.autoconfigure.properties.PropertyMappingContextCustomizer@0, org.springframework.boot.test.autoconfigure.web.servlet.WebDriverContextCustomizerFactory$Customizer@60f81b7d, [ImportsContextCustomizer@67dcd8d9 key = [@org.springframework.stereotype.Indexed(), @org.apiguardian.api.API(consumers=[*], since=5.0, status=STABLE), @org.junit.jupiter.api.extension.ExtendWith(value=[class org.springframework.test.context.junit.jupiter.SpringExtension]), @org.springframework.boot.autoconfigure.EnableAutoConfiguration(excludeName=[], exclude=[]), @org.junit.runner.RunWith(value=class org.springframework.test.context.junit4.SpringRunner), @org.springframework.context.annotation.Configuration(value=, proxyBeanMethods=true), @org.springframework.context.annotation.Import(value=[class org.springframework.boot.autoconfigure.AutoConfigurationImportSelector]), @org.springframework.boot.test.context.SpringBootTest(args=[], webEnvironment=MOCK, value=[], properties=[], classes=[class com.uyaki.template.UyakiTemplateApplicationTests]), @org.springframework.test.context.BootstrapWith(value=class org.springframework.boot.test.context.SpringBootTestContextBootstrapper), @org.springframework.context.annotation.ComponentScan(scopeResolver=class org.springframework.context.annotation.AnnotationScopeMetadataResolver, lazyInit=false, resourcePattern=**/*.class, useDefaultFilters=true, excludeFilters=[@org.springframework.context.annotation.ComponentScan$Filter(pattern=[], type=CUSTOM, value=[], classes=[class org.springframework.boot.context.TypeExcludeFilter]), @org.springframework.context.annotation.ComponentScan$Filter(pattern=[], type=CUSTOM, value=[], classes=[class org.springframework.boot.autoconfigure.AutoConfigurationExcludeFilter])], scopedProxy=DEFAULT, basePackageClasses=[], nameGenerator=interface org.springframework.beans.factory.support.BeanNameGenerator, basePackages=[], includeFilters=[], value=[]), @org.springframework.boot.autoconfigure.SpringBootApplication(scanBasePackageClasses=[], excludeName=[], exclude=[], nameGenerator=interface org.springframework.beans.factory.support.BeanNameGenerator, proxyBeanMethods=true, scanBasePackages=[]), @org.springframework.stereotype.Component(value=), @org.springframework.context.annotation.Import(value=[class org.springframework.boot.autoconfigure.AutoConfigurationPackages$Registrar]), @org.springframework.boot.autoconfigure.AutoConfigurationPackage(basePackages=[], basePackageClasses=[]), @org.springframework.boot.SpringBootConfiguration(proxyBeanMethods=true)]], org.springframework.boot.test.context.filter.ExcludeFilterContextCustomizer@76f744a0, org.springframework.boot.test.json.DuplicateJsonObjectContextCustomizerFactory$DuplicateJsonObjectContextCustomizer@79b8b071, org.springframework.boot.test.mock.mockito.MockitoContextCustomizer@0, org.springframework.boot.test.web.client.TestRestTemplateContextCustomizer@7fec9e97, org.springframework.boot.test.context.SpringBootTestArgs@1], resourceBasePath = 'src/main/webapp', contextLoader = 'org.springframework.boot.test.context.SpringBootContextLoader', parent = [null]], attributes = map['org.springframework.test.context.web.ServletTestExecutionListener.activateListener' -> true]], class annotated with @DirtiesContext [false] with mode [null].
15:22:53.083 [Test worker] DEBUG org.springframework.test.context.support.TestPropertySourceUtils - Adding inlined properties to environment: {spring.jmx.enabled=false, org.springframework.boot.test.context.SpringBootTestContextBootstrapper=true}

  .   ____          _            __ _ _
 /\\ / ___'_ __ _ _(_)_ __  __ _ \ \ \ \
( ( )\___ | '_ | '_| | '_ \/ _` | \ \ \ \
 \\/  ___)| |_)| | | | | || (_| |  ) ) ) )
  '  |____| .__|_| |_|_| |_\__, | / / / /
 =========|_|==============|___/=/_/_/_/
 :: Spring Boot ::        (v2.3.3.RELEASE)

2020-08-21 15:22:53.361  INFO 56870 --- [    Test worker] c.u.t.UyakiTemplateApplicationTests      : Starting UyakiTemplateApplicationTests on gknoone.local with PID 56870 (started by gknoone in /Users/gknoone/workspace/IdeaProjects/spring-uyaki/uyaki-template)
2020-08-21 15:22:53.364  INFO 56870 --- [    Test worker] c.u.t.UyakiTemplateApplicationTests      : No active profile set, falling back to default profiles: default
2020-08-21 15:22:54.239  INFO 56870 --- [    Test worker] o.s.s.concurrent.ThreadPoolTaskExecutor  : Initializing ExecutorService 'applicationTaskExecutor'
2020-08-21 15:22:54.455  INFO 56870 --- [    Test worker] c.u.t.UyakiTemplateApplicationTests      : Started UyakiTemplateApplicationTests in 1.362 seconds (JVM running for 2.242)
2020-08-21 15:22:54.717  INFO 56870 --- [    Test worker] com.uyaki.template.retry.RetryService    : start retryMethod => 15:22:54.717
2020-08-21 15:22:54.717  INFO 56870 --- [    Test worker] com.uyaki.template.retry.RetryService    : currentThread Name => Test worker
nice!!！
sb
]]></system-out>
  <system-err><![CDATA[]]></system-err>
</testsuite>
